2021-11-17 21:08:33.201  INFO 7004 --- [SpringApplicationShutdownHook] com.zaxxer.hikari.HikariDataSource       : HikariPool-1 - Shutdown initiated...
2021-11-17 21:08:33.203  INFO 7004 --- [SpringApplicationShutdownHook] com.zaxxer.hikari.HikariDataSource       : HikariPool-1 - Shutdown completed.
2021-11-17 21:08:35.789  INFO 18384 --- [restartedMain] l.m.community.CommunityApplication       : Starting CommunityApplication using Java 1.8.0_91 on DESKTOP-CUSJFEL with PID 18384 (G:\gitRepos\community\target\classes started by 12410 in G:\gitRepos\community)
2021-11-17 21:08:35.790  INFO 18384 --- [restartedMain] l.m.community.CommunityApplication       : No active profile set, falling back to default profiles: default
2021-11-17 21:08:35.822  INFO 18384 --- [restartedMain] .e.DevToolsPropertyDefaultsPostProcessor : Devtools property defaults active! Set 'spring.devtools.add-properties' to 'false' to disable
2021-11-17 21:08:35.822  INFO 18384 --- [restartedMain] .e.DevToolsPropertyDefaultsPostProcessor : For additional web related logging consider setting the 'logging.level.web' property to 'DEBUG'
2021-11-17 21:08:36.538  INFO 18384 --- [restartedMain] o.s.b.w.embedded.tomcat.TomcatWebServer  : Tomcat initialized with port(s): 8887 (http)
2021-11-17 21:08:36.544  INFO 18384 --- [restartedMain] o.apache.catalina.core.StandardService   : Starting service [Tomcat]
2021-11-17 21:08:36.544  INFO 18384 --- [restartedMain] org.apache.catalina.core.StandardEngine  : Starting Servlet engine: [Apache Tomcat/9.0.54]
2021-11-17 21:08:36.592  INFO 18384 --- [restartedMain] o.a.c.c.C.[Tomcat].[localhost].[/]       : Initializing Spring embedded WebApplicationContext
2021-11-17 21:08:36.592  INFO 18384 --- [restartedMain] w.s.c.ServletWebServerApplicationContext : Root WebApplicationContext: initialization completed in 769 ms
2021-11-17 21:08:36.610  INFO 18384 --- [restartedMain] com.zaxxer.hikari.HikariDataSource       : HikariPool-1 - Starting...
2021-11-17 21:08:36.693  INFO 18384 --- [restartedMain] com.zaxxer.hikari.HikariDataSource       : HikariPool-1 - Start completed.
2021-11-17 21:08:36.697  INFO 18384 --- [restartedMain] o.s.b.a.h2.H2ConsoleAutoConfiguration    : H2 console available at '/h2-console'. Database available at 'jdbc:h2:~/community'
2021-11-17 21:08:37.108  INFO 18384 --- [restartedMain] o.s.b.a.w.s.WelcomePageHandlerMapping    : Adding welcome page template: index
2021-11-17 21:08:37.233  INFO 18384 --- [restartedMain] o.s.b.d.a.OptionalLiveReloadServer       : LiveReload server is running on port 35729
2021-11-17 21:08:37.258  INFO 18384 --- [restartedMain] o.s.b.w.embedded.tomcat.TomcatWebServer  : Tomcat started on port(s): 8887 (http) with context path ''
2021-11-17 21:08:37.266  INFO 18384 --- [restartedMain] l.m.community.CommunityApplication       : Started CommunityApplication in 1.74 seconds (JVM running for 2.509)
2021-11-17 21:16:58.375  INFO 18384 --- [SpringApplicationShutdownHook] com.zaxxer.hikari.HikariDataSource       : HikariPool-1 - Shutdown initiated...
2021-11-17 21:16:58.376  INFO 18384 --- [SpringApplicationShutdownHook] com.zaxxer.hikari.HikariDataSource       : HikariPool-1 - Shutdown completed.
2021-11-17 21:17:00.446  INFO 20972 --- [restartedMain] l.m.community.CommunityApplication       : Starting CommunityApplication using Java 1.8.0_91 on DESKTOP-CUSJFEL with PID 20972 (G:\gitRepos\community\target\classes started by 12410 in G:\gitRepos\community)
2021-11-17 21:17:00.447  INFO 20972 --- [restartedMain] l.m.community.CommunityApplication       : No active profile set, falling back to default profiles: default
2021-11-17 21:17:00.479  INFO 20972 --- [restartedMain] .e.DevToolsPropertyDefaultsPostProcessor : Devtools property defaults active! Set 'spring.devtools.add-properties' to 'false' to disable
2021-11-17 21:17:00.480  INFO 20972 --- [restartedMain] .e.DevToolsPropertyDefaultsPostProcessor : For additional web related logging consider setting the 'logging.level.web' property to 'DEBUG'
2021-11-17 21:17:01.173  INFO 20972 --- [restartedMain] o.s.b.w.embedded.tomcat.TomcatWebServer  : Tomcat initialized with port(s): 8887 (http)
2021-11-17 21:17:01.179  INFO 20972 --- [restartedMain] o.apache.catalina.core.StandardService   : Starting service [Tomcat]
2021-11-17 21:17:01.179  INFO 20972 --- [restartedMain] org.apache.catalina.core.StandardEngine  : Starting Servlet engine: [Apache Tomcat/9.0.54]
2021-11-17 21:17:01.227  INFO 20972 --- [restartedMain] o.a.c.c.C.[Tomcat].[localhost].[/]       : Initializing Spring embedded WebApplicationContext
2021-11-17 21:17:01.227  INFO 20972 --- [restartedMain] w.s.c.ServletWebServerApplicationContext : Root WebApplicationContext: initialization completed in 747 ms
2021-11-17 21:17:01.245  INFO 20972 --- [restartedMain] com.zaxxer.hikari.HikariDataSource       : HikariPool-1 - Starting...
2021-11-17 21:17:01.325  INFO 20972 --- [restartedMain] com.zaxxer.hikari.HikariDataSource       : HikariPool-1 - Start completed.
2021-11-17 21:17:01.328  INFO 20972 --- [restartedMain] o.s.b.a.h2.H2ConsoleAutoConfiguration    : H2 console available at '/h2-console'. Database available at 'jdbc:h2:~/community'
2021-11-17 21:17:01.756  INFO 20972 --- [restartedMain] o.s.b.a.w.s.WelcomePageHandlerMapping    : Adding welcome page template: index
2021-11-17 21:17:01.874  INFO 20972 --- [restartedMain] o.s.b.d.a.OptionalLiveReloadServer       : LiveReload server is running on port 35729
2021-11-17 21:17:01.897  INFO 20972 --- [restartedMain] o.s.b.w.embedded.tomcat.TomcatWebServer  : Tomcat started on port(s): 8887 (http) with context path ''
2021-11-17 21:17:01.905  INFO 20972 --- [restartedMain] l.m.community.CommunityApplication       : Started CommunityApplication in 1.738 seconds (JVM running for 2.659)
2021-11-17 21:18:52.138  INFO 20972 --- [Thread-10] com.zaxxer.hikari.HikariDataSource       : HikariPool-1 - Shutdown initiated...
2021-11-17 21:18:52.160  INFO 20972 --- [Thread-10] com.zaxxer.hikari.HikariDataSource       : HikariPool-1 - Shutdown completed.
2021-11-17 21:18:52.268  INFO 20972 --- [restartedMain] l.m.community.CommunityApplication       : Starting CommunityApplication using Java 1.8.0_91 on DESKTOP-CUSJFEL with PID 20972 (G:\gitRepos\community\target\classes started by 12410 in G:\gitRepos\community)
2021-11-17 21:18:52.269  INFO 20972 --- [restartedMain] l.m.community.CommunityApplication       : No active profile set, falling back to default profiles: default
2021-11-17 21:18:52.476  INFO 20972 --- [restartedMain] o.s.b.w.embedded.tomcat.TomcatWebServer  : Tomcat initialized with port(s): 8887 (http)
2021-11-17 21:18:52.477  INFO 20972 --- [restartedMain] o.apache.catalina.core.StandardService   : Starting service [Tomcat]
2021-11-17 21:18:52.477  INFO 20972 --- [restartedMain] org.apache.catalina.core.StandardEngine  : Starting Servlet engine: [Apache Tomcat/9.0.54]
2021-11-17 21:18:52.494  INFO 20972 --- [restartedMain] o.a.c.c.C.[Tomcat].[localhost].[/]       : Initializing Spring embedded WebApplicationContext
2021-11-17 21:18:52.494  INFO 20972 --- [restartedMain] w.s.c.ServletWebServerApplicationContext : Root WebApplicationContext: initialization completed in 223 ms
2021-11-17 21:18:52.505  INFO 20972 --- [restartedMain] com.zaxxer.hikari.HikariDataSource       : HikariPool-2 - Starting...
2021-11-17 21:18:52.512  INFO 20972 --- [restartedMain] com.zaxxer.hikari.HikariDataSource       : HikariPool-2 - Start completed.
2021-11-17 21:18:52.512  INFO 20972 --- [restartedMain] o.s.b.a.h2.H2ConsoleAutoConfiguration    : H2 console available at '/h2-console'. Database available at 'jdbc:h2:~/community'
2021-11-17 21:18:52.649  INFO 20972 --- [restartedMain] o.s.b.a.w.s.WelcomePageHandlerMapping    : Adding welcome page template: index
2021-11-17 21:18:52.682  INFO 20972 --- [restartedMain] o.s.b.d.a.OptionalLiveReloadServer       : LiveReload server is running on port 35729
2021-11-17 21:18:52.691  INFO 20972 --- [restartedMain] o.s.b.w.embedded.tomcat.TomcatWebServer  : Tomcat started on port(s): 8887 (http) with context path ''
2021-11-17 21:18:52.694  INFO 20972 --- [restartedMain] l.m.community.CommunityApplication       : Started CommunityApplication in 0.448 seconds (JVM running for 113.448)
2021-11-17 21:18:52.696  INFO 20972 --- [restartedMain] .ConditionEvaluationDeltaLoggingListener : Condition evaluation unchanged
